# JRE version: OpenJDK Runtime Environment (8.0_202-b03) (build 1.8.0_202-release-1483-b03)
# Java VM: OpenJDK 64-Bit Server VM (25.202-b03 mixed mode windows-amd64 compressed oops)
Heap:
 PSYoungGen      total 464384K, used 28271K [0x00000000e0000000, 0x00000000fff80000, 0x0000000100000000)
  eden space 414720K, 3% used [0x00000000e0000000,0x00000000e0ff6880,0x00000000f9500000)
  from space 49664K, 24% used [0x00000000f9500000,0x00000000fa0a5728,0x00000000fc580000)
  to   space 47104K, 0% used [0x00000000fd180000,0x00000000fd180000,0x00000000fff80000)
 ParOldGen       total 655360K, used 269459K [0x00000000a0000000, 0x00000000c8000000, 0x00000000e0000000)
  object space 655360K, 41% used [0x00000000a0000000,0x00000000b0724c28,0x00000000c8000000)
 Metaspace       used 98702K, capacity 105846K, committed 156144K, reserved 1185792K
  class space    used 12169K, capacity 13414K, committed 20520K, reserved 1048576K
GC Heap History (10 events):
Event: 35098.376 GC heap before
{Heap before GC invocations=214 (full 9):
 PSYoungGen      total 447488K, used 408098K [0x00000000e0000000, 0x00000000ff500000, 0x0000000100000000)
  eden space 392192K, 100% used [0x00000000e0000000,0x00000000f7f00000,0x00000000f7f00000)
  from space 55296K, 28% used [0x00000000fbf00000,0x00000000fce88928,0x00000000ff500000)
  to   space 60416K, 0% used [0x00000000f7f00000,0x00000000f7f00000,0x00000000fba00000)
 ParOldGen       total 655360K, used 222337K [0x00000000a0000000, 0x00000000c8000000, 0x00000000e0000000)
  object space 655360K, 33% used [0x00000000a0000000,0x00000000ad920638,0x00000000c8000000)
 Metaspace       used 98629K, capacity 105782K, committed 156144K, reserved 1185792K
  class space    used 12169K, capacity 13414K, committed 20520K, reserved 1048576K
Event: 35098.530 GC heap after
Heap after GC invocations=214 (full 9):
 PSYoungGen      total 452608K, used 6304K [0x00000000e0000000, 0x0000000100000000, 0x0000000100000000)
  eden space 392192K, 0% used [0x00000000e0000000,0x00000000e0000000,0x00000000f7f00000)
  from space 60416K, 10% used [0x00000000f7f00000,0x00000000f8528030,0x00000000fba00000)
  to   space 58368K, 0% used [0x00000000fc700000,0x00000000fc700000,0x0000000100000000)
 ParOldGen       total 655360K, used 236157K [0x00000000a0000000, 0x00000000c8000000, 0x00000000e0000000)
  object space 655360K, 36% used [0x00000000a0000000,0x00000000ae69f740,0x00000000c8000000)
 Metaspace       used 98629K, capacity 105782K, committed 156144K, reserved 1185792K
  class space    used 12169K, capacity 13414K, committed 20520K, reserved 1048576K
}
Event: 35098.795 GC heap before
{Heap before GC invocations=215 (full 9):
 PSYoungGen      total 452608K, used 398496K [0x00000000e0000000, 0x0000000100000000, 0x0000000100000000)
  eden space 392192K, 100% used [0x00000000e0000000,0x00000000f7f00000,0x00000000f7f00000)
  from space 60416K, 10% used [0x00000000f7f00000,0x00000000f8528030,0x00000000fba00000)
  to   space 58368K, 0% used [0x00000000fc700000,0x00000000fc700000,0x0000000100000000)
 ParOldGen       total 655360K, used 236157K [0x00000000a0000000, 0x00000000c8000000, 0x00000000e0000000)
  object space 655360K, 36% used [0x00000000a0000000,0x00000000ae69f740,0x00000000c8000000)
 Metaspace       used 98637K, capacity 105782K, committed 156144K, reserved 1185792K
  class space    used 12169K, capacity 13414K, committed 20520K, reserved 1048576K
Event: 35098.821 GC heap after
Heap after GC invocations=215 (full 9):
 PSYoungGen      total 457728K, used 7344K [0x00000000e0000000, 0x00000000ffa00000, 0x0000000100000000)
  eden space 405504K, 0% used [0x00000000e0000000,0x00000000e0000000,0x00000000f8c00000)
  from space 52224K, 14% used [0x00000000fc700000,0x00000000fce2c010,0x00000000ffa00000)
  to   space 56320K, 0% used [0x00000000f8c00000,0x00000000f8c00000,0x00000000fc300000)
 ParOldGen       total 655360K, used 241170K [0x00000000a0000000, 0x00000000c8000000, 0x00000000e0000000)
  object space 655360K, 36% used [0x00000000a0000000,0x00000000aeb84900,0x00000000c8000000)
 Metaspace       used 98637K, capacity 105782K, committed 156144K, reserved 1185792K
  class space    used 12169K, capacity 13414K, committed 20520K, reserved 1048576K
}
Event: 35099.116 GC heap before
{Heap before GC invocations=216 (full 9):
 PSYoungGen      total 457728K, used 412848K [0x00000000e0000000, 0x00000000ffa00000, 0x0000000100000000)
  eden space 405504K, 100% used [0x00000000e0000000,0x00000000f8c00000,0x00000000f8c00000)
  from space 52224K, 14% used [0x00000000fc700000,0x00000000fce2c010,0x00000000ffa00000)
  to   space 56320K, 0% used [0x00000000f8c00000,0x00000000f8c00000,0x00000000fc300000)
 ParOldGen       total 655360K, used 241184K [0x00000000a0000000, 0x00000000c8000000, 0x00000000e0000000)
  object space 655360K, 36% used [0x00000000a0000000,0x00000000aeb88030,0x00000000c8000000)
 Metaspace       used 98690K, capacity 105846K, committed 156144K, reserved 1185792K
  class space    used 12169K, capacity 13414K, committed 20520K, reserved 1048576K
Event: 35099.160 GC heap after
Heap after GC invocations=216 (full 9):
 PSYoungGen      total 461824K, used 10848K [0x00000000e0000000, 0x00000000ffe00000, 0x0000000100000000)
  eden space 405504K, 0% used [0x00000000e0000000,0x00000000e0000000,0x00000000f8c00000)
  from space 56320K, 19% used [0x00000000f8c00000,0x00000000f9698158,0x00000000fc300000)
  to   space 53248K, 0% used [0x00000000fca00000,0x00000000fca00000,0x00000000ffe00000)
 ParOldGen       total 655360K, used 246763K [0x00000000a0000000, 0x00000000c8000000, 0x00000000e0000000)
  object space 655360K, 37% used [0x00000000a0000000,0x00000000af0fade0,0x00000000c8000000)
 Metaspace       used 98690K, capacity 105846K, committed 156144K, reserved 1185792K
  class space    used 12169K, capacity 13414K, committed 20520K, reserved 1048576K
}
Event: 35099.464 GC heap before
{Heap before GC invocations=217 (full 9):
 PSYoungGen      total 461824K, used 416352K [0x00000000e0000000, 0x00000000ffe00000, 0x0000000100000000)
  eden space 405504K, 100% used [0x00000000e0000000,0x00000000f8c00000,0x00000000f8c00000)
  from space 56320K, 19% used [0x00000000f8c00000,0x00000000f9698158,0x00000000fc300000)
  to   space 53248K, 0% used [0x00000000fca00000,0x00000000fca00000,0x00000000ffe00000)
 ParOldGen       total 655360K, used 246765K [0x00000000a0000000, 0x00000000c8000000, 0x00000000e0000000)
  object space 655360K, 37% used [0x00000000a0000000,0x00000000af0fb778,0x00000000c8000000)
 Metaspace       used 98696K, capacity 105846K, committed 156144K, reserved 1185792K
  class space    used 12169K, capacity 13414K, committed 20520K, reserved 1048576K
Event: 35099.598 GC heap after
Heap after GC invocations=217 (full 9):
 PSYoungGen      total 459776K, used 16901K [0x00000000e0000000, 0x00000000ff600000, 0x0000000100000000)
  eden space 414720K, 0% used [0x00000000e0000000,0x00000000e0000000,0x00000000f9500000)
  from space 45056K, 37% used [0x00000000fca00000,0x00000000fda81510,0x00000000ff600000)
  to   space 49664K, 0% used [0x00000000f9500000,0x00000000f9500000,0x00000000fc580000)
 ParOldGen       total 655360K, used 254746K [0x00000000a0000000, 0x00000000c8000000, 0x00000000e0000000)
  object space 655360K, 38% used [0x00000000a0000000,0x00000000af8c6a68,0x00000000c8000000)
 Metaspace       used 98696K, capacity 105846K, committed 156144K, reserved 1185792K
  class space    used 12169K, capacity 13414K, committed 20520K, reserved 1048576K
}
Event: 35100.028 GC heap before
{Heap before GC invocations=218 (full 9):
 PSYoungGen      total 459776K, used 431621K [0x00000000e0000000, 0x00000000ff600000, 0x0000000100000000)
  eden space 414720K, 100% used [0x00000000e0000000,0x00000000f9500000,0x00000000f9500000)
  from space 45056K, 37% used [0x00000000fca00000,0x00000000fda81510,0x00000000ff600000)
  to   space 49664K, 0% used [0x00000000f9500000,0x00000000f9500000,0x00000000fc580000)
 ParOldGen       total 655360K, used 254746K [0x00000000a0000000, 0x00000000c8000000, 0x00000000e0000000)
  object space 655360K, 38% used [0x00000000a0000000,0x00000000af8c6a68,0x00000000c8000000)
 Metaspace       used 98702K, capacity 105846K, committed 156144K, reserved 1185792K
  class space    used 12169K, capacity 13414K, committed 20520K, reserved 1048576K
Event: 35100.151 GC heap after
Heap after GC invocations=218 (full 9):
 PSYoungGen      total 464384K, used 11925K [0x00000000e0000000, 0x00000000fff80000, 0x0000000100000000)
  eden space 414720K, 0% used [0x00000000e0000000,0x00000000e0000000,0x00000000f9500000)
  from space 49664K, 24% used [0x00000000f9500000,0x00000000fa0a5728,0x00000000fc580000)
  to   space 47104K, 0% used [0x00000000fd180000,0x00000000fd180000,0x00000000fff80000)
 ParOldGen       total 655360K, used 269459K [0x00000000a0000000, 0x00000000c8000000, 0x00000000e0000000)
  object space 655360K, 41% used [0x00000000a0000000,0x00000000b0724c28,0x00000000c8000000)
 Metaspace       used 98702K, capacity 105846K, committed 156144K, reserved 1185792K
  class space    used 12169K, capacity 13414K, committed 20520K, reserved 1048576K
}

