# JRE version: Java(TM) SE Runtime Environment (20.0.2+9) (build 20.0.2+9-78)
# Java VM: Java HotSpot(TM) 64-Bit Server VM (20.0.2+9-78, mixed mode, emulated-client, sharing, tiered, compressed oops, compressed class ptrs, g1 gc, windows-amd64)
GC Precious Log:
 CardTable entry size: 512
 Card Set container configuration: InlinePtr #cards 4 size 8 Array Of Cards #cards 16 size 48 Howl #buckets 8 coarsen threshold 3686 Howl Bitmap #cards 512 size 80 coarsen threshold 460 Card regions per heap region 1 cards per card region 4096
 CPUs: 8 total, 8 available
 Memory: 16183M
 Large Page Support: Disabled
 NUMA Support: Disabled
 Compressed Oops: Enabled (Zero based)
 Heap Region Size: 2M
 Heap Min Capacity: 8M
 Heap Initial Capacity: 254M
 Heap Max Capacity: 4046M
 Pre-touch: Disabled
 Parallel Workers: 8
 Concurrent Workers: 2
 Concurrent Refinement Workers: 8
 Periodic GC: Disabled
Heap:
 garbage-first heap   total 75776K, used 52674K [0x0000000703200000, 0x0000000800000000)
  region size 2048K, 17 young (34816K), 3 survivors (6144K)
 Metaspace       used 52984K, committed 53632K, reserved 1114112K
  class space    used 7116K, committed 7424K, reserved 1048576K
GC Heap History (20 events):
Event: 0.709 GC heap before
{Heap before GC invocations=0 (full 0):
 garbage-first heap   total 260096K, used 20480K [0x0000000703200000, 0x0000000800000000)
  region size 2048K, 11 young (22528K), 0 survivors (0K)
 Metaspace       used 6533K, committed 6784K, reserved 1114112K
  class space    used 778K, committed 896K, reserved 1048576K
}
Event: 0.719 GC heap after
{Heap after GC invocations=1 (full 0):
 garbage-first heap   total 260096K, used 7279K [0x0000000703200000, 0x0000000800000000)
  region size 2048K, 2 young (4096K), 2 survivors (4096K)
 Metaspace       used 6533K, committed 6784K, reserved 1114112K
  class space    used 778K, committed 896K, reserved 1048576K
}
Event: 1.171 GC heap before
{Heap before GC invocations=1 (full 0):
 garbage-first heap   total 260096K, used 29807K [0x0000000703200000, 0x0000000800000000)
  region size 2048K, 14 young (28672K), 2 survivors (4096K)
 Metaspace       used 11636K, committed 12032K, reserved 1114112K
  class space    used 1560K, committed 1728K, reserved 1048576K
}
Event: 1.175 GC heap after
{Heap after GC invocations=2 (full 0):
 garbage-first heap   total 260096K, used 10126K [0x0000000703200000, 0x0000000800000000)
  region size 2048K, 2 young (4096K), 2 survivors (4096K)
 Metaspace       used 11636K, committed 12032K, reserved 1114112K
  class space    used 1560K, committed 1728K, reserved 1048576K
}
Event: 1.650 GC heap before
{Heap before GC invocations=2 (full 0):
 garbage-first heap   total 260096K, used 44942K [0x0000000703200000, 0x0000000800000000)
  region size 2048K, 21 young (43008K), 2 survivors (4096K)
 Metaspace       used 19099K, committed 19456K, reserved 1114112K
  class space    used 2483K, committed 2624K, reserved 1048576K
}
Event: 1.654 GC heap after
{Heap after GC invocations=3 (full 0):
 garbage-first heap   total 260096K, used 12445K [0x0000000703200000, 0x0000000800000000)
  region size 2048K, 3 young (6144K), 3 survivors (6144K)
 Metaspace       used 19099K, committed 19456K, reserved 1114112K
  class space    used 2483K, committed 2624K, reserved 1048576K
}
Event: 1.985 GC heap before
{Heap before GC invocations=4 (full 0):
 garbage-first heap   total 55296K, used 39069K [0x0000000703200000, 0x0000000800000000)
  region size 2048K, 16 young (32768K), 3 survivors (6144K)
 Metaspace       used 21855K, committed 22272K, reserved 1114112K
  class space    used 2890K, committed 3072K, reserved 1048576K
}
Event: 1.990 GC heap after
{Heap after GC invocations=5 (full 0):
 garbage-first heap   total 55296K, used 13819K [0x0000000703200000, 0x0000000800000000)
  region size 2048K, 1 young (2048K), 1 survivors (2048K)
 Metaspace       used 21855K, committed 22272K, reserved 1114112K
  class space    used 2890K, committed 3072K, reserved 1048576K
}
Event: 2.298 GC heap before
{Heap before GC invocations=5 (full 0):
 garbage-first heap   total 55296K, used 38395K [0x0000000703200000, 0x0000000800000000)
  region size 2048K, 13 young (26624K), 1 survivors (2048K)
 Metaspace       used 25765K, committed 26176K, reserved 1114112K
  class space    used 3466K, committed 3648K, reserved 1048576K
}
Event: 2.302 GC heap after
{Heap after GC invocations=6 (full 0):
 garbage-first heap   total 55296K, used 15811K [0x0000000703200000, 0x0000000800000000)
  region size 2048K, 2 young (4096K), 2 survivors (4096K)
 Metaspace       used 25765K, committed 26176K, reserved 1114112K
  class space    used 3466K, committed 3648K, reserved 1048576K
}
Event: 2.607 GC heap before
{Heap before GC invocations=6 (full 0):
 garbage-first heap   total 55296K, used 42435K [0x0000000703200000, 0x0000000800000000)
  region size 2048K, 15 young (30720K), 2 survivors (4096K)
 Metaspace       used 30513K, committed 31040K, reserved 1114112K
  class space    used 4045K, committed 4288K, reserved 1048576K
}
Event: 2.610 GC heap after
{Heap after GC invocations=7 (full 0):
 garbage-first heap   total 157696K, used 18154K [0x0000000703200000, 0x0000000800000000)
  region size 2048K, 2 young (4096K), 2 survivors (4096K)
 Metaspace       used 30513K, committed 31040K, reserved 1114112K
  class space    used 4045K, committed 4288K, reserved 1048576K
}
Event: 2.684 GC heap before
{Heap before GC invocations=7 (full 0):
 garbage-first heap   total 157696K, used 22250K [0x0000000703200000, 0x0000000800000000)
  region size 2048K, 5 young (10240K), 2 survivors (4096K)
 Metaspace       used 32008K, committed 32448K, reserved 1114112K
  class space    used 4208K, committed 4416K, reserved 1048576K
}
Event: 2.685 GC heap after
{Heap after GC invocations=8 (full 0):
 garbage-first heap   total 157696K, used 19070K [0x0000000703200000, 0x0000000800000000)
  region size 2048K, 2 young (4096K), 2 survivors (4096K)
 Metaspace       used 32008K, committed 32448K, reserved 1114112K
  class space    used 4208K, committed 4416K, reserved 1048576K
}
Event: 3.290 GC heap before
{Heap before GC invocations=9 (full 0):
 garbage-first heap   total 75776K, used 60030K [0x0000000703200000, 0x0000000800000000)
  region size 2048K, 22 young (45056K), 2 survivors (4096K)
 Metaspace       used 43644K, committed 44096K, reserved 1114112K
  class space    used 5952K, committed 6144K, reserved 1048576K
}
Event: 3.293 GC heap after
{Heap after GC invocations=10 (full 0):
 garbage-first heap   total 75776K, used 21751K [0x0000000703200000, 0x0000000800000000)
  region size 2048K, 3 young (6144K), 3 survivors (6144K)
 Metaspace       used 43644K, committed 44096K, reserved 1114112K
  class space    used 5952K, committed 6144K, reserved 1048576K
}
Event: 3.500 GC heap before
{Heap before GC invocations=10 (full 0):
 garbage-first heap   total 75776K, used 58615K [0x0000000703200000, 0x0000000800000000)
  region size 2048K, 21 young (43008K), 3 survivors (6144K)
 Metaspace       used 44717K, committed 45248K, reserved 1114112K
  class space    used 6099K, committed 6336K, reserved 1048576K
}
Event: 3.504 GC heap after
{Heap after GC invocations=11 (full 0):
 garbage-first heap   total 75776K, used 22524K [0x0000000703200000, 0x0000000800000000)
  region size 2048K, 3 young (6144K), 3 survivors (6144K)
 Metaspace       used 44717K, committed 45248K, reserved 1114112K
  class space    used 6099K, committed 6336K, reserved 1048576K
}
Event: 5.399 GC heap before
{Heap before GC invocations=11 (full 0):
 garbage-first heap   total 75776K, used 59388K [0x0000000703200000, 0x0000000800000000)
  region size 2048K, 22 young (45056K), 3 survivors (6144K)
 Metaspace       used 51423K, committed 52032K, reserved 1114112K
  class space    used 6948K, committed 7232K, reserved 1048576K
}
Event: 5.403 GC heap after
{Heap after GC invocations=12 (full 0):
 garbage-first heap   total 75776K, used 26050K [0x0000000703200000, 0x0000000800000000)
  region size 2048K, 3 young (6144K), 3 survivors (6144K)
 Metaspace       used 51423K, committed 52032K, reserved 1114112K
  class space    used 6948K, committed 7232K, reserved 1048576K
}

