# JRE version: Java(TM) SE Runtime Environment (20.0.2+9) (build 20.0.2+9-78)
# Java VM: Java HotSpot(TM) 64-Bit Server VM (20.0.2+9-78, mixed mode, emulated-client, sharing, tiered, compressed oops, compressed class ptrs, g1 gc, windows-amd64)
GC Precious Log:
 CardTable entry size: 512
 Card Set container configuration: InlinePtr #cards 4 size 8 Array Of Cards #cards 16 size 48 Howl #buckets 8 coarsen threshold 3686 Howl Bitmap #cards 512 size 80 coarsen threshold 460 Card regions per heap region 1 cards per card region 4096
 CPUs: 8 total, 8 available
 Memory: 16183M
 Large Page Support: Disabled
 NUMA Support: Disabled
 Compressed Oops: Enabled (Zero based)
 Heap Region Size: 2M
 Heap Min Capacity: 8M
 Heap Initial Capacity: 254M
 Heap Max Capacity: 4046M
 Pre-touch: Disabled
 Parallel Workers: 8
 Concurrent Workers: 2
 Concurrent Refinement Workers: 8
 Periodic GC: Disabled
Heap:
 garbage-first heap   total 75776K, used 28818K [0x0000000703200000, 0x0000000800000000)
  region size 2048K, 5 young (10240K), 3 survivors (6144K)
 Metaspace       used 52930K, committed 53504K, reserved 1114112K
  class space    used 7108K, committed 7360K, reserved 1048576K
GC Heap History (20 events):
Event: 0.600 GC heap before
{Heap before GC invocations=0 (full 0):
 garbage-first heap   total 260096K, used 20480K [0x0000000703200000, 0x0000000800000000)
  region size 2048K, 11 young (22528K), 0 survivors (0K)
 Metaspace       used 6591K, committed 6848K, reserved 1114112K
  class space    used 785K, committed 896K, reserved 1048576K
}
Event: 0.604 GC heap after
{Heap after GC invocations=1 (full 0):
 garbage-first heap   total 260096K, used 7281K [0x0000000703200000, 0x0000000800000000)
  region size 2048K, 2 young (4096K), 2 survivors (4096K)
 Metaspace       used 6591K, committed 6848K, reserved 1114112K
  class space    used 785K, committed 896K, reserved 1048576K
}
Event: 0.935 GC heap before
{Heap before GC invocations=1 (full 0):
 garbage-first heap   total 260096K, used 25713K [0x0000000703200000, 0x0000000800000000)
  region size 2048K, 12 young (24576K), 2 survivors (4096K)
 Metaspace       used 11180K, committed 11520K, reserved 1114112K
  class space    used 1496K, committed 1664K, reserved 1048576K
}
Event: 0.939 GC heap after
{Heap after GC invocations=2 (full 0):
 garbage-first heap   total 260096K, used 9149K [0x0000000703200000, 0x0000000800000000)
  region size 2048K, 1 young (2048K), 1 survivors (2048K)
 Metaspace       used 11180K, committed 11520K, reserved 1114112K
  class space    used 1496K, committed 1664K, reserved 1048576K
}
Event: 1.311 GC heap before
{Heap before GC invocations=2 (full 0):
 garbage-first heap   total 260096K, used 46013K [0x0000000703200000, 0x0000000800000000)
  region size 2048K, 21 young (43008K), 1 survivors (2048K)
 Metaspace       used 19076K, committed 19392K, reserved 1114112K
  class space    used 2481K, committed 2624K, reserved 1048576K
}
Event: 1.315 GC heap after
{Heap after GC invocations=3 (full 0):
 garbage-first heap   total 260096K, used 12254K [0x0000000703200000, 0x0000000800000000)
  region size 2048K, 3 young (6144K), 3 survivors (6144K)
 Metaspace       used 19076K, committed 19392K, reserved 1114112K
  class space    used 2481K, committed 2624K, reserved 1048576K
}
Event: 1.723 GC heap before
{Heap before GC invocations=4 (full 0):
 garbage-first heap   total 55296K, used 38878K [0x0000000703200000, 0x0000000800000000)
  region size 2048K, 16 young (32768K), 3 survivors (6144K)
 Metaspace       used 22210K, committed 22528K, reserved 1114112K
  class space    used 2933K, committed 3072K, reserved 1048576K
}
Event: 1.728 GC heap after
{Heap after GC invocations=5 (full 0):
 garbage-first heap   total 55296K, used 13493K [0x0000000703200000, 0x0000000800000000)
  region size 2048K, 1 young (2048K), 1 survivors (2048K)
 Metaspace       used 22210K, committed 22528K, reserved 1114112K
  class space    used 2933K, committed 3072K, reserved 1048576K
}
Event: 2.140 GC heap before
{Heap before GC invocations=5 (full 0):
 garbage-first heap   total 55296K, used 40117K [0x0000000703200000, 0x0000000800000000)
  region size 2048K, 14 young (28672K), 1 survivors (2048K)
 Metaspace       used 26348K, committed 26816K, reserved 1114112K
  class space    used 3519K, committed 3712K, reserved 1048576K
}
Event: 2.144 GC heap after
{Heap after GC invocations=6 (full 0):
 garbage-first heap   total 55296K, used 15892K [0x0000000703200000, 0x0000000800000000)
  region size 2048K, 2 young (4096K), 2 survivors (4096K)
 Metaspace       used 26348K, committed 26816K, reserved 1114112K
  class space    used 3519K, committed 3712K, reserved 1048576K
}
Event: 2.494 GC heap before
{Heap before GC invocations=6 (full 0):
 garbage-first heap   total 55296K, used 42516K [0x0000000703200000, 0x0000000800000000)
  region size 2048K, 15 young (30720K), 2 survivors (4096K)
 Metaspace       used 31484K, committed 31872K, reserved 1114112K
  class space    used 4168K, committed 4352K, reserved 1048576K
}
Event: 2.498 GC heap after
{Heap after GC invocations=7 (full 0):
 garbage-first heap   total 157696K, used 18822K [0x0000000703200000, 0x0000000800000000)
  region size 2048K, 2 young (4096K), 2 survivors (4096K)
 Metaspace       used 31484K, committed 31872K, reserved 1114112K
  class space    used 4168K, committed 4352K, reserved 1048576K
}
Event: 2.516 GC heap before
{Heap before GC invocations=7 (full 0):
 garbage-first heap   total 157696K, used 18822K [0x0000000703200000, 0x0000000800000000)
  region size 2048K, 3 young (6144K), 2 survivors (4096K)
 Metaspace       used 31886K, committed 32320K, reserved 1114112K
  class space    used 4191K, committed 4416K, reserved 1048576K
}
Event: 2.519 GC heap after
{Heap after GC invocations=8 (full 0):
 garbage-first heap   total 157696K, used 18731K [0x0000000703200000, 0x0000000800000000)
  region size 2048K, 2 young (4096K), 2 survivors (4096K)
 Metaspace       used 31886K, committed 32320K, reserved 1114112K
  class space    used 4191K, committed 4416K, reserved 1048576K
}
Event: 3.633 GC heap before
{Heap before GC invocations=9 (full 0):
 garbage-first heap   total 75776K, used 59691K [0x0000000703200000, 0x0000000800000000)
  region size 2048K, 22 young (45056K), 2 survivors (4096K)
 Metaspace       used 42814K, committed 43264K, reserved 1114112K
  class space    used 5830K, committed 6016K, reserved 1048576K
}
Event: 3.640 GC heap after
{Heap after GC invocations=10 (full 0):
 garbage-first heap   total 75776K, used 21632K [0x0000000703200000, 0x0000000800000000)
  region size 2048K, 3 young (6144K), 3 survivors (6144K)
 Metaspace       used 42814K, committed 43264K, reserved 1114112K
  class space    used 5830K, committed 6016K, reserved 1048576K
}
Event: 4.363 GC heap before
{Heap before GC invocations=10 (full 0):
 garbage-first heap   total 75776K, used 60544K [0x0000000703200000, 0x0000000800000000)
  region size 2048K, 22 young (45056K), 3 survivors (6144K)
 Metaspace       used 45360K, committed 45824K, reserved 1114112K
  class space    used 6199K, committed 6400K, reserved 1048576K
}
Event: 4.376 GC heap after
{Heap after GC invocations=11 (full 0):
 garbage-first heap   total 75776K, used 23128K [0x0000000703200000, 0x0000000800000000)
  region size 2048K, 3 young (6144K), 3 survivors (6144K)
 Metaspace       used 45360K, committed 45824K, reserved 1114112K
  class space    used 6199K, committed 6400K, reserved 1048576K
}
Event: 9.948 GC heap before
{Heap before GC invocations=11 (full 0):
 garbage-first heap   total 75776K, used 59992K [0x0000000703200000, 0x0000000800000000)
  region size 2048K, 22 young (45056K), 3 survivors (6144K)
 Metaspace       used 52708K, committed 53312K, reserved 1114112K
  class space    used 7071K, committed 7360K, reserved 1048576K
}
Event: 9.959 GC heap after
{Heap after GC invocations=12 (full 0):
 garbage-first heap   total 75776K, used 26770K [0x0000000703200000, 0x0000000800000000)
  region size 2048K, 3 young (6144K), 3 survivors (6144K)
 Metaspace       used 52708K, committed 53312K, reserved 1114112K
  class space    used 7071K, committed 7360K, reserved 1048576K
}

